{"/home/user/build/capstone-server/src/config/database.ts": {"path":"/home/user/build/capstone-server/src/config/database.ts","statementMap":{"0":{"start":{"line":1,"column":0},"end":{"line":1,"column":74}},"1":{"start":{"line":2,"column":0},"end":{"line":2,"column":42}},"2":{"start":{"line":3,"column":0},"end":{"line":3,"column":46}},"3":{"start":{"line":4,"column":0},"end":{"line":4,"column":46}},"4":{"start":{"line":5,"column":0},"end":{"line":5,"column":34}},"5":{"start":{"line":6,"column":0},"end":{"line":6,"column":47}},"6":{"start":{"line":7,"column":0},"end":{"line":7,"column":45}},"7":{"start":{"line":8,"column":0},"end":{"line":8,"column":45}},"8":{"start":{"line":9,"column":0},"end":{"line":9,"column":47}},"9":{"start":{"line":10,"column":0},"end":{"line":10,"column":66}},"10":{"start":{"line":11,"column":0},"end":{"line":11,"column":39}},"11":{"start":{"line":12,"column":0},"end":{"line":12,"column":48}},"12":{"start":{"line":13,"column":0},"end":{"line":13,"column":46}},"13":{"start":{"line":14,"column":0},"end":{"line":14,"column":39}},"14":{"start":{"line":15,"column":0},"end":{"line":15,"column":49}},"15":{"start":{"line":16,"column":0},"end":{"line":16,"column":47}},"16":{"start":{"line":17,"column":0},"end":{"line":17,"column":43}},"17":{"start":{"line":18,"column":0},"end":{"line":18,"column":45}},"18":{"start":{"line":19,"column":0},"end":{"line":19,"column":43}},"19":{"start":{"line":20,"column":0},"end":{"line":20,"column":41}},"20":{"start":{"line":22,"column":13},"end":{"line":52,"column":2}},"21":{"start":{"line":54,"column":0},"end":{"line":55,"column":39}},"22":{"start":{"line":55,"column":4},"end":{"line":55,"column":38}}},"fnMap":{"0":{"name":"(anonymous_1)","decl":{"start":{"line":54,"column":15},"end":{"line":54,"column":20}},"loc":{"start":{"line":55,"column":4},"end":{"line":55,"column":38}}}},"branchMap":{"0":{"loc":{"start":{"line":23,"column":14},"end":{"line":23,"column":28}},"type":"binary-expr","locations":[{"start":{"line":23,"column":14},"end":{"line":23,"column":28}},{"start":{"line":23,"column":32},"end":{"line":23,"column":34}}]},"1":{"loc":{"start":{"line":24,"column":10},"end":{"line":24,"column":28}},"type":"binary-expr","locations":[{"start":{"line":24,"column":10},"end":{"line":24,"column":28}},{"start":{"line":24,"column":32},"end":{"line":24,"column":34}}]},"2":{"loc":{"start":{"line":25,"column":14},"end":{"line":25,"column":33}},"type":"binary-expr","locations":[{"start":{"line":25,"column":14},"end":{"line":25,"column":33}},{"start":{"line":25,"column":37},"end":{"line":25,"column":39}}]},"3":{"loc":{"start":{"line":26,"column":14},"end":{"line":26,"column":32}},"type":"binary-expr","locations":[{"start":{"line":26,"column":14},"end":{"line":26,"column":32}},{"start":{"line":26,"column":36},"end":{"line":26,"column":38}}]},"4":{"loc":{"start":{"line":29,"column":11},"end":{"line":29,"column":55}},"type":"binary-expr","locations":[{"start":{"line":29,"column":11},"end":{"line":29,"column":55}},{"start":{"line":29,"column":59},"end":{"line":29,"column":61}}]}},"s":{"0":1,"1":1,"2":1,"3":1,"4":1,"5":1,"6":1,"7":1,"8":1,"9":1,"10":1,"11":1,"12":1,"13":1,"14":1,"15":1,"16":1,"17":1,"18":1,"19":1,"20":1,"21":1,"22":0},"f":{"0":0},"b":{"0":[1,0],"1":[1,0],"2":[1,0],"3":[1,0],"4":[1,0]}}
,"/home/user/build/capstone-server/src/models/business.ts": {"path":"/home/user/build/capstone-server/src/models/business.ts","statementMap":{"0":{"start":{"line":1,"column":0},"end":{"line":1,"column":41}},"1":{"start":{"line":2,"column":0},"end":{"line":2,"column":46}},"2":{"start":{"line":13,"column":22},"end":{"line":20,"column":2}},"3":{"start":{"line":13,"column":49},"end":{"line":20,"column":2}},"4":{"start":{"line":22,"column":24},"end":{"line":26,"column":1}},"5":{"start":{"line":25,"column":4},"end":{"line":25,"column":51}},"6":{"start":{"line":29,"column":0},"end":{"line":48,"column":null}},"7":{"start":{"line":44,"column":8},"end":{"line":44,"column":16}},"8":{"start":{"line":45,"column":29},"end":{"line":45,"column":53}},"9":{"start":{"line":46,"column":8},"end":{"line":46,"column":42}},"10":{"start":{"line":31,"column":4},"end":{"line":31,"column":null}},"11":{"start":{"line":33,"column":4},"end":{"line":33,"column":null}},"12":{"start":{"line":35,"column":4},"end":{"line":35,"column":null}},"13":{"start":{"line":37,"column":4},"end":{"line":37,"column":null}},"14":{"start":{"line":39,"column":4},"end":{"line":39,"column":null}},"15":{"start":{"line":41,"column":4},"end":{"line":41,"column":null}},"16":{"start":{"line":29,"column":21},"end":{"line":48,"column":null}},"17":{"start":{"line":29,"column":21},"end":{"line":29,"column":30}}},"fnMap":{"0":{"name":"(anonymous_3)","decl":{"start":{"line":13,"column":22},"end":{"line":13,"column":45}},"loc":{"start":{"line":13,"column":49},"end":{"line":20,"column":2}}},"1":{"name":"(anonymous_4)","decl":{"start":{"line":22,"column":24},"end":{"line":22,"column":null}},"loc":{"start":{"line":24,"column":28},"end":{"line":26,"column":1}}},"2":{"name":"(anonymous_5)","decl":{"start":{"line":43,"column":4},"end":{"line":43,"column":23}},"loc":{"start":{"line":43,"column":60},"end":{"line":47,"column":5}}}},"branchMap":{},"s":{"0":1,"1":1,"2":1,"3":2,"4":1,"5":2,"6":1,"7":2,"8":2,"9":2,"10":1,"11":1,"12":1,"13":1,"14":1,"15":1,"16":1,"17":1},"f":{"0":2,"1":2,"2":2},"b":{}}
,"/home/user/build/capstone-server/src/models/department.ts": {"path":"/home/user/build/capstone-server/src/models/department.ts","statementMap":{"0":{"start":{"line":1,"column":0},"end":{"line":1,"column":41}},"1":{"start":{"line":2,"column":0},"end":{"line":2,"column":46}},"2":{"start":{"line":10,"column":33},"end":{"line":14,"column":2}},"3":{"start":{"line":10,"column":62},"end":{"line":14,"column":2}},"4":{"start":{"line":16,"column":26},"end":{"line":19,"column":54}},"5":{"start":{"line":19,"column":4},"end":{"line":19,"column":54}},"6":{"start":{"line":22,"column":0},"end":{"line":37,"column":null}},"7":{"start":{"line":33,"column":8},"end":{"line":33,"column":16}},"8":{"start":{"line":34,"column":21},"end":{"line":34,"column":47}},"9":{"start":{"line":35,"column":8},"end":{"line":35,"column":34}},"10":{"start":{"line":26,"column":4},"end":{"line":26,"column":null}},"11":{"start":{"line":28,"column":4},"end":{"line":28,"column":null}},"12":{"start":{"line":30,"column":4},"end":{"line":30,"column":null}},"13":{"start":{"line":22,"column":21},"end":{"line":37,"column":null}},"14":{"start":{"line":22,"column":21},"end":{"line":22,"column":null}}},"fnMap":{"0":{"name":"(anonymous_3)","decl":{"start":{"line":10,"column":33},"end":{"line":10,"column":58}},"loc":{"start":{"line":10,"column":62},"end":{"line":14,"column":2}}},"1":{"name":"(anonymous_4)","decl":{"start":{"line":16,"column":26},"end":{"line":16,"column":null}},"loc":{"start":{"line":19,"column":4},"end":{"line":19,"column":54}}},"2":{"name":"(anonymous_5)","decl":{"start":{"line":32,"column":4},"end":{"line":32,"column":23}},"loc":{"start":{"line":32,"column":62},"end":{"line":36,"column":5}}}},"branchMap":{},"s":{"0":1,"1":1,"2":1,"3":1,"4":1,"5":1,"6":1,"7":1,"8":1,"9":1,"10":1,"11":1,"12":1,"13":1,"14":1},"f":{"0":1,"1":1,"2":1},"b":{}}
,"/home/user/build/capstone-server/src/models/permission.ts": {"path":"/home/user/build/capstone-server/src/models/permission.ts","statementMap":{"0":{"start":{"line":1,"column":0},"end":{"line":1,"column":41}},"1":{"start":{"line":2,"column":0},"end":{"line":2,"column":69}},"2":{"start":{"line":12,"column":34},"end":{"line":18,"column":2}},"3":{"start":{"line":12,"column":63},"end":{"line":18,"column":2}},"4":{"start":{"line":20,"column":26},"end":{"line":23,"column":55}},"5":{"start":{"line":23,"column":4},"end":{"line":23,"column":55}},"6":{"start":{"line":26,"column":0},"end":{"line":43,"column":null}},"7":{"start":{"line":39,"column":8},"end":{"line":39,"column":16}},"8":{"start":{"line":40,"column":21},"end":{"line":40,"column":47}},"9":{"start":{"line":41,"column":8},"end":{"line":41,"column":34}},"10":{"start":{"line":30,"column":4},"end":{"line":30,"column":null}},"11":{"start":{"line":32,"column":4},"end":{"line":32,"column":null}},"12":{"start":{"line":34,"column":4},"end":{"line":34,"column":null}},"13":{"start":{"line":36,"column":4},"end":{"line":36,"column":null}},"14":{"start":{"line":26,"column":21},"end":{"line":43,"column":null}},"15":{"start":{"line":26,"column":21},"end":{"line":26,"column":null}}},"fnMap":{"0":{"name":"(anonymous_3)","decl":{"start":{"line":12,"column":34},"end":{"line":12,"column":59}},"loc":{"start":{"line":12,"column":63},"end":{"line":18,"column":2}}},"1":{"name":"(anonymous_4)","decl":{"start":{"line":20,"column":26},"end":{"line":20,"column":null}},"loc":{"start":{"line":23,"column":4},"end":{"line":23,"column":55}}},"2":{"name":"(anonymous_5)","decl":{"start":{"line":38,"column":4},"end":{"line":38,"column":23}},"loc":{"start":{"line":38,"column":62},"end":{"line":42,"column":5}}}},"branchMap":{},"s":{"0":1,"1":1,"2":1,"3":1,"4":1,"5":1,"6":1,"7":1,"8":1,"9":1,"10":1,"11":1,"12":1,"13":1,"14":1,"15":1},"f":{"0":1,"1":1,"2":1},"b":{}}
,"/home/user/build/capstone-server/src/models/role.ts": {"path":"/home/user/build/capstone-server/src/models/role.ts","statementMap":{"0":{"start":{"line":1,"column":0},"end":{"line":1,"column":41}},"1":{"start":{"line":2,"column":0},"end":{"line":2,"column":69}},"2":{"start":{"line":11,"column":28},"end":{"line":16,"column":2}},"3":{"start":{"line":11,"column":51},"end":{"line":16,"column":2}},"4":{"start":{"line":18,"column":20},"end":{"line":20,"column":70}},"5":{"start":{"line":20,"column":25},"end":{"line":20,"column":70}},"6":{"start":{"line":23,"column":0},"end":{"line":38,"column":null}},"7":{"start":{"line":34,"column":8},"end":{"line":34,"column":16}},"8":{"start":{"line":35,"column":21},"end":{"line":35,"column":41}},"9":{"start":{"line":36,"column":8},"end":{"line":36,"column":34}},"10":{"start":{"line":27,"column":4},"end":{"line":27,"column":null}},"11":{"start":{"line":29,"column":4},"end":{"line":29,"column":null}},"12":{"start":{"line":31,"column":4},"end":{"line":31,"column":null}},"13":{"start":{"line":23,"column":21},"end":{"line":38,"column":null}},"14":{"start":{"line":23,"column":21},"end":{"line":23,"column":null}}},"fnMap":{"0":{"name":"(anonymous_3)","decl":{"start":{"line":11,"column":28},"end":{"line":11,"column":47}},"loc":{"start":{"line":11,"column":51},"end":{"line":16,"column":2}}},"1":{"name":"(anonymous_4)","decl":{"start":{"line":18,"column":20},"end":{"line":18,"column":null}},"loc":{"start":{"line":20,"column":25},"end":{"line":20,"column":70}}},"2":{"name":"(anonymous_5)","decl":{"start":{"line":33,"column":4},"end":{"line":33,"column":23}},"loc":{"start":{"line":33,"column":56},"end":{"line":37,"column":5}}}},"branchMap":{},"s":{"0":1,"1":1,"2":1,"3":1,"4":1,"5":1,"6":1,"7":1,"8":1,"9":1,"10":1,"11":1,"12":1,"13":1,"14":1},"f":{"0":1,"1":1,"2":1},"b":{}}
,"/home/user/build/capstone-server/src/models/abstract/base_model.ts": {"path":"/home/user/build/capstone-server/src/models/abstract/base_model.ts","statementMap":{"0":{"start":{"line":1,"column":0},"end":{"line":1,"column":49}},"1":{"start":{"line":2,"column":0},"end":{"line":2,"column":39}},"2":{"start":{"line":6,"column":4},"end":{"line":6,"column":null}},"3":{"start":{"line":4,"column":0},"end":{"line":4,"column":30}}},"fnMap":{},"branchMap":{},"s":{"0":1,"1":1,"2":1,"3":1},"f":{},"b":{}}
,"/home/user/build/capstone-server/src/models/abstract/editable_content_model.ts": {"path":"/home/user/build/capstone-server/src/models/abstract/editable_content_model.ts","statementMap":{"0":{"start":{"line":1,"column":0},"end":{"line":1,"column":33}},"1":{"start":{"line":2,"column":0},"end":{"line":2,"column":37}},"2":{"start":{"line":6,"column":4},"end":{"line":6,"column":null}},"3":{"start":{"line":4,"column":0},"end":{"line":4,"column":30}}},"fnMap":{},"branchMap":{},"s":{"0":1,"1":1,"2":1,"3":1},"f":{},"b":{}}
,"/home/user/build/capstone-server/src/models/abstract/event_dates.ts": {"path":"/home/user/build/capstone-server/src/models/abstract/event_dates.ts","statementMap":{"0":{"start":{"line":1,"column":0},"end":{"line":1,"column":79}},"1":{"start":{"line":5,"column":4},"end":{"line":5,"column":null}},"2":{"start":{"line":7,"column":4},"end":{"line":7,"column":null}},"3":{"start":{"line":9,"column":4},"end":{"line":9,"column":null}},"4":{"start":{"line":3,"column":0},"end":{"line":3,"column":30}}},"fnMap":{},"branchMap":{},"s":{"0":1,"1":1,"2":1,"3":1,"4":1},"f":{},"b":{}}
,"/home/user/build/capstone-server/src/models/manual/content.ts": {"path":"/home/user/build/capstone-server/src/models/manual/content.ts","statementMap":{"0":{"start":{"line":1,"column":0},"end":{"line":1,"column":41}},"1":{"start":{"line":2,"column":0},"end":{"line":2,"column":70}},"2":{"start":{"line":11,"column":31},"end":{"line":16,"column":2}},"3":{"start":{"line":11,"column":57},"end":{"line":16,"column":2}},"4":{"start":{"line":18,"column":23},"end":{"line":20,"column":76}},"5":{"start":{"line":20,"column":28},"end":{"line":20,"column":76}},"6":{"start":{"line":23,"column":0},"end":{"line":38,"column":null}},"7":{"start":{"line":34,"column":8},"end":{"line":34,"column":16}},"8":{"start":{"line":35,"column":21},"end":{"line":35,"column":44}},"9":{"start":{"line":36,"column":8},"end":{"line":36,"column":34}},"10":{"start":{"line":27,"column":4},"end":{"line":27,"column":null}},"11":{"start":{"line":29,"column":4},"end":{"line":29,"column":null}},"12":{"start":{"line":31,"column":4},"end":{"line":31,"column":null}},"13":{"start":{"line":23,"column":21},"end":{"line":38,"column":null}},"14":{"start":{"line":23,"column":21},"end":{"line":23,"column":null}}},"fnMap":{"0":{"name":"(anonymous_3)","decl":{"start":{"line":11,"column":31},"end":{"line":11,"column":53}},"loc":{"start":{"line":11,"column":57},"end":{"line":16,"column":2}}},"1":{"name":"(anonymous_4)","decl":{"start":{"line":18,"column":23},"end":{"line":18,"column":null}},"loc":{"start":{"line":20,"column":28},"end":{"line":20,"column":76}}},"2":{"name":"(anonymous_5)","decl":{"start":{"line":33,"column":4},"end":{"line":33,"column":23}},"loc":{"start":{"line":33,"column":59},"end":{"line":37,"column":5}}}},"branchMap":{},"s":{"0":1,"1":1,"2":1,"3":1,"4":1,"5":1,"6":1,"7":1,"8":1,"9":1,"10":1,"11":1,"12":1,"13":1,"14":1},"f":{"0":1,"1":1,"2":1},"b":{}}
,"/home/user/build/capstone-server/src/models/manual/manual.ts": {"path":"/home/user/build/capstone-server/src/models/manual/manual.ts","statementMap":{"0":{"start":{"line":1,"column":0},"end":{"line":1,"column":41}},"1":{"start":{"line":2,"column":0},"end":{"line":2,"column":70}},"2":{"start":{"line":11,"column":30},"end":{"line":16,"column":2}},"3":{"start":{"line":11,"column":55},"end":{"line":16,"column":2}},"4":{"start":{"line":18,"column":22},"end":{"line":20,"column":74}},"5":{"start":{"line":20,"column":27},"end":{"line":20,"column":74}},"6":{"start":{"line":23,"column":0},"end":{"line":38,"column":null}},"7":{"start":{"line":34,"column":8},"end":{"line":34,"column":16}},"8":{"start":{"line":35,"column":21},"end":{"line":35,"column":43}},"9":{"start":{"line":36,"column":8},"end":{"line":36,"column":34}},"10":{"start":{"line":27,"column":4},"end":{"line":27,"column":null}},"11":{"start":{"line":29,"column":4},"end":{"line":29,"column":null}},"12":{"start":{"line":31,"column":4},"end":{"line":31,"column":null}},"13":{"start":{"line":23,"column":21},"end":{"line":38,"column":null}},"14":{"start":{"line":23,"column":21},"end":{"line":23,"column":null}}},"fnMap":{"0":{"name":"(anonymous_3)","decl":{"start":{"line":11,"column":30},"end":{"line":11,"column":51}},"loc":{"start":{"line":11,"column":55},"end":{"line":16,"column":2}}},"1":{"name":"(anonymous_4)","decl":{"start":{"line":18,"column":22},"end":{"line":18,"column":null}},"loc":{"start":{"line":20,"column":27},"end":{"line":20,"column":74}}},"2":{"name":"(anonymous_5)","decl":{"start":{"line":33,"column":4},"end":{"line":33,"column":23}},"loc":{"start":{"line":33,"column":58},"end":{"line":37,"column":5}}}},"branchMap":{},"s":{"0":1,"1":1,"2":1,"3":1,"4":1,"5":1,"6":1,"7":1,"8":1,"9":1,"10":1,"11":1,"12":1,"13":1,"14":1},"f":{"0":1,"1":1,"2":1},"b":{}}
,"/home/user/build/capstone-server/src/models/manual/manual_assignment.ts": {"path":"/home/user/build/capstone-server/src/models/manual/manual_assignment.ts","statementMap":{"0":{"start":{"line":1,"column":0},"end":{"line":1,"column":41}},"1":{"start":{"line":2,"column":0},"end":{"line":2,"column":70}},"2":{"start":{"line":12,"column":40},"end":{"line":18,"column":2}},"3":{"start":{"line":12,"column":75},"end":{"line":18,"column":2}},"4":{"start":{"line":20,"column":32},"end":{"line":23,"column":61}},"5":{"start":{"line":23,"column":4},"end":{"line":23,"column":61}},"6":{"start":{"line":26,"column":0},"end":{"line":43,"column":null}},"7":{"start":{"line":39,"column":8},"end":{"line":39,"column":16}},"8":{"start":{"line":40,"column":21},"end":{"line":40,"column":53}},"9":{"start":{"line":41,"column":8},"end":{"line":41,"column":34}},"10":{"start":{"line":30,"column":4},"end":{"line":30,"column":null}},"11":{"start":{"line":32,"column":4},"end":{"line":32,"column":null}},"12":{"start":{"line":34,"column":4},"end":{"line":34,"column":null}},"13":{"start":{"line":36,"column":4},"end":{"line":36,"column":null}},"14":{"start":{"line":26,"column":21},"end":{"line":43,"column":null}},"15":{"start":{"line":26,"column":21},"end":{"line":26,"column":null}}},"fnMap":{"0":{"name":"(anonymous_3)","decl":{"start":{"line":12,"column":40},"end":{"line":12,"column":71}},"loc":{"start":{"line":12,"column":75},"end":{"line":18,"column":2}}},"1":{"name":"(anonymous_4)","decl":{"start":{"line":20,"column":32},"end":{"line":20,"column":null}},"loc":{"start":{"line":23,"column":4},"end":{"line":23,"column":61}}},"2":{"name":"(anonymous_5)","decl":{"start":{"line":38,"column":4},"end":{"line":38,"column":23}},"loc":{"start":{"line":38,"column":68},"end":{"line":42,"column":5}}}},"branchMap":{},"s":{"0":1,"1":1,"2":1,"3":1,"4":1,"5":1,"6":1,"7":1,"8":1,"9":1,"10":1,"11":1,"12":1,"13":1,"14":1,"15":1},"f":{"0":1,"1":1,"2":1},"b":{}}
,"/home/user/build/capstone-server/src/models/manual/policy.ts": {"path":"/home/user/build/capstone-server/src/models/manual/policy.ts","statementMap":{"0":{"start":{"line":1,"column":0},"end":{"line":1,"column":41}},"1":{"start":{"line":2,"column":0},"end":{"line":2,"column":70}},"2":{"start":{"line":10,"column":30},"end":{"line":14,"column":2}},"3":{"start":{"line":10,"column":55},"end":{"line":14,"column":2}},"4":{"start":{"line":16,"column":22},"end":{"line":18,"column":74}},"5":{"start":{"line":18,"column":27},"end":{"line":18,"column":74}},"6":{"start":{"line":21,"column":0},"end":{"line":34,"column":null}},"7":{"start":{"line":30,"column":8},"end":{"line":30,"column":16}},"8":{"start":{"line":31,"column":21},"end":{"line":31,"column":43}},"9":{"start":{"line":32,"column":8},"end":{"line":32,"column":34}},"10":{"start":{"line":25,"column":4},"end":{"line":25,"column":null}},"11":{"start":{"line":27,"column":4},"end":{"line":27,"column":null}},"12":{"start":{"line":21,"column":21},"end":{"line":34,"column":null}},"13":{"start":{"line":21,"column":21},"end":{"line":21,"column":null}}},"fnMap":{"0":{"name":"(anonymous_3)","decl":{"start":{"line":10,"column":30},"end":{"line":10,"column":51}},"loc":{"start":{"line":10,"column":55},"end":{"line":14,"column":2}}},"1":{"name":"(anonymous_4)","decl":{"start":{"line":16,"column":22},"end":{"line":16,"column":null}},"loc":{"start":{"line":18,"column":27},"end":{"line":18,"column":74}}},"2":{"name":"(anonymous_5)","decl":{"start":{"line":29,"column":4},"end":{"line":29,"column":23}},"loc":{"start":{"line":29,"column":58},"end":{"line":33,"column":5}}}},"branchMap":{},"s":{"0":1,"1":1,"2":1,"3":1,"4":1,"5":1,"6":1,"7":1,"8":1,"9":1,"10":1,"11":1,"12":1,"13":1},"f":{"0":1,"1":1,"2":1},"b":{}}
,"/home/user/build/capstone-server/src/models/manual/read.ts": {"path":"/home/user/build/capstone-server/src/models/manual/read.ts","statementMap":{"0":{"start":{"line":1,"column":0},"end":{"line":1,"column":48}},"1":{"start":{"line":2,"column":0},"end":{"line":2,"column":49}},"2":{"start":{"line":9,"column":28},"end":{"line":12,"column":2}},"3":{"start":{"line":9,"column":51},"end":{"line":12,"column":2}},"4":{"start":{"line":14,"column":20},"end":{"line":16,"column":70}},"5":{"start":{"line":16,"column":25},"end":{"line":16,"column":70}},"6":{"start":{"line":19,"column":0},"end":{"line":30,"column":null}},"7":{"start":{"line":26,"column":8},"end":{"line":26,"column":16}},"8":{"start":{"line":27,"column":21},"end":{"line":27,"column":41}},"9":{"start":{"line":28,"column":8},"end":{"line":28,"column":34}},"10":{"start":{"line":21,"column":4},"end":{"line":21,"column":null}},"11":{"start":{"line":23,"column":4},"end":{"line":23,"column":null}},"12":{"start":{"line":19,"column":21},"end":{"line":30,"column":null}},"13":{"start":{"line":19,"column":21},"end":{"line":19,"column":26}}},"fnMap":{"0":{"name":"(anonymous_3)","decl":{"start":{"line":9,"column":28},"end":{"line":9,"column":47}},"loc":{"start":{"line":9,"column":51},"end":{"line":12,"column":2}}},"1":{"name":"(anonymous_4)","decl":{"start":{"line":14,"column":20},"end":{"line":14,"column":null}},"loc":{"start":{"line":16,"column":25},"end":{"line":16,"column":70}}},"2":{"name":"(anonymous_5)","decl":{"start":{"line":25,"column":4},"end":{"line":25,"column":23}},"loc":{"start":{"line":25,"column":56},"end":{"line":29,"column":5}}}},"branchMap":{},"s":{"0":1,"1":1,"2":1,"3":1,"4":1,"5":1,"6":1,"7":1,"8":1,"9":1,"10":1,"11":1,"12":1,"13":1},"f":{"0":1,"1":1,"2":1},"b":{}}
,"/home/user/build/capstone-server/src/models/manual/section.ts": {"path":"/home/user/build/capstone-server/src/models/manual/section.ts","statementMap":{"0":{"start":{"line":1,"column":0},"end":{"line":1,"column":41}},"1":{"start":{"line":2,"column":0},"end":{"line":2,"column":70}},"2":{"start":{"line":10,"column":31},"end":{"line":14,"column":2}},"3":{"start":{"line":10,"column":57},"end":{"line":14,"column":2}},"4":{"start":{"line":16,"column":23},"end":{"line":18,"column":76}},"5":{"start":{"line":18,"column":28},"end":{"line":18,"column":76}},"6":{"start":{"line":21,"column":0},"end":{"line":34,"column":null}},"7":{"start":{"line":30,"column":8},"end":{"line":30,"column":16}},"8":{"start":{"line":31,"column":21},"end":{"line":31,"column":44}},"9":{"start":{"line":32,"column":8},"end":{"line":32,"column":34}},"10":{"start":{"line":25,"column":4},"end":{"line":25,"column":null}},"11":{"start":{"line":27,"column":4},"end":{"line":27,"column":null}},"12":{"start":{"line":21,"column":21},"end":{"line":34,"column":null}},"13":{"start":{"line":21,"column":21},"end":{"line":21,"column":null}}},"fnMap":{"0":{"name":"(anonymous_3)","decl":{"start":{"line":10,"column":31},"end":{"line":10,"column":53}},"loc":{"start":{"line":10,"column":57},"end":{"line":14,"column":2}}},"1":{"name":"(anonymous_4)","decl":{"start":{"line":16,"column":23},"end":{"line":16,"column":null}},"loc":{"start":{"line":18,"column":28},"end":{"line":18,"column":76}}},"2":{"name":"(anonymous_5)","decl":{"start":{"line":29,"column":4},"end":{"line":29,"column":23}},"loc":{"start":{"line":29,"column":59},"end":{"line":33,"column":5}}}},"branchMap":{},"s":{"0":1,"1":1,"2":1,"3":1,"4":1,"5":1,"6":1,"7":1,"8":1,"9":1,"10":1,"11":1,"12":1,"13":1},"f":{"0":1,"1":1,"2":1},"b":{}}
,"/home/user/build/capstone-server/src/models/quiz/answer.ts": {"path":"/home/user/build/capstone-server/src/models/quiz/answer.ts","statementMap":{"0":{"start":{"line":1,"column":0},"end":{"line":1,"column":41}},"1":{"start":{"line":2,"column":0},"end":{"line":2,"column":70}},"2":{"start":{"line":11,"column":30},"end":{"line":16,"column":2}},"3":{"start":{"line":11,"column":55},"end":{"line":16,"column":2}},"4":{"start":{"line":18,"column":22},"end":{"line":20,"column":74}},"5":{"start":{"line":20,"column":27},"end":{"line":20,"column":74}},"6":{"start":{"line":23,"column":0},"end":{"line":38,"column":null}},"7":{"start":{"line":34,"column":8},"end":{"line":34,"column":16}},"8":{"start":{"line":35,"column":21},"end":{"line":35,"column":43}},"9":{"start":{"line":36,"column":8},"end":{"line":36,"column":34}},"10":{"start":{"line":27,"column":4},"end":{"line":27,"column":null}},"11":{"start":{"line":29,"column":4},"end":{"line":29,"column":null}},"12":{"start":{"line":31,"column":4},"end":{"line":31,"column":null}},"13":{"start":{"line":23,"column":21},"end":{"line":38,"column":null}},"14":{"start":{"line":23,"column":21},"end":{"line":23,"column":null}}},"fnMap":{"0":{"name":"(anonymous_3)","decl":{"start":{"line":11,"column":30},"end":{"line":11,"column":51}},"loc":{"start":{"line":11,"column":55},"end":{"line":16,"column":2}}},"1":{"name":"(anonymous_4)","decl":{"start":{"line":18,"column":22},"end":{"line":18,"column":null}},"loc":{"start":{"line":20,"column":27},"end":{"line":20,"column":74}}},"2":{"name":"(anonymous_5)","decl":{"start":{"line":33,"column":4},"end":{"line":33,"column":23}},"loc":{"start":{"line":33,"column":58},"end":{"line":37,"column":5}}}},"branchMap":{},"s":{"0":1,"1":1,"2":1,"3":1,"4":1,"5":1,"6":1,"7":1,"8":1,"9":1,"10":1,"11":1,"12":1,"13":1,"14":1},"f":{"0":1,"1":1,"2":1},"b":{}}
,"/home/user/build/capstone-server/src/models/quiz/attempt.ts": {"path":"/home/user/build/capstone-server/src/models/quiz/attempt.ts","statementMap":{"0":{"start":{"line":1,"column":0},"end":{"line":1,"column":41}},"1":{"start":{"line":2,"column":0},"end":{"line":2,"column":47}},"2":{"start":{"line":9,"column":31},"end":{"line":12,"column":2}},"3":{"start":{"line":9,"column":57},"end":{"line":12,"column":2}},"4":{"start":{"line":14,"column":23},"end":{"line":16,"column":76}},"5":{"start":{"line":16,"column":28},"end":{"line":16,"column":76}},"6":{"start":{"line":19,"column":0},"end":{"line":30,"column":null}},"7":{"start":{"line":26,"column":8},"end":{"line":26,"column":16}},"8":{"start":{"line":27,"column":21},"end":{"line":27,"column":44}},"9":{"start":{"line":28,"column":8},"end":{"line":28,"column":34}},"10":{"start":{"line":21,"column":4},"end":{"line":21,"column":null}},"11":{"start":{"line":23,"column":4},"end":{"line":23,"column":null}},"12":{"start":{"line":19,"column":21},"end":{"line":30,"column":null}},"13":{"start":{"line":19,"column":21},"end":{"line":19,"column":29}}},"fnMap":{"0":{"name":"(anonymous_3)","decl":{"start":{"line":9,"column":31},"end":{"line":9,"column":53}},"loc":{"start":{"line":9,"column":57},"end":{"line":12,"column":2}}},"1":{"name":"(anonymous_4)","decl":{"start":{"line":14,"column":23},"end":{"line":14,"column":null}},"loc":{"start":{"line":16,"column":28},"end":{"line":16,"column":76}}},"2":{"name":"(anonymous_5)","decl":{"start":{"line":25,"column":4},"end":{"line":25,"column":23}},"loc":{"start":{"line":25,"column":59},"end":{"line":29,"column":5}}}},"branchMap":{},"s":{"0":1,"1":1,"2":1,"3":1,"4":1,"5":1,"6":1,"7":1,"8":1,"9":1,"10":1,"11":1,"12":1,"13":1},"f":{"0":1,"1":1,"2":1},"b":{}}
,"/home/user/build/capstone-server/src/models/quiz/question.ts": {"path":"/home/user/build/capstone-server/src/models/quiz/question.ts","statementMap":{"0":{"start":{"line":1,"column":0},"end":{"line":1,"column":41}},"1":{"start":{"line":2,"column":0},"end":{"line":2,"column":70}},"2":{"start":{"line":11,"column":32},"end":{"line":16,"column":2}},"3":{"start":{"line":11,"column":59},"end":{"line":16,"column":2}},"4":{"start":{"line":18,"column":24},"end":{"line":20,"column":78}},"5":{"start":{"line":20,"column":29},"end":{"line":20,"column":78}},"6":{"start":{"line":23,"column":0},"end":{"line":38,"column":null}},"7":{"start":{"line":34,"column":8},"end":{"line":34,"column":16}},"8":{"start":{"line":35,"column":21},"end":{"line":35,"column":45}},"9":{"start":{"line":36,"column":8},"end":{"line":36,"column":34}},"10":{"start":{"line":27,"column":4},"end":{"line":27,"column":null}},"11":{"start":{"line":29,"column":4},"end":{"line":29,"column":null}},"12":{"start":{"line":31,"column":4},"end":{"line":31,"column":null}},"13":{"start":{"line":23,"column":21},"end":{"line":38,"column":null}},"14":{"start":{"line":23,"column":21},"end":{"line":23,"column":null}}},"fnMap":{"0":{"name":"(anonymous_3)","decl":{"start":{"line":11,"column":32},"end":{"line":11,"column":55}},"loc":{"start":{"line":11,"column":59},"end":{"line":16,"column":2}}},"1":{"name":"(anonymous_4)","decl":{"start":{"line":18,"column":24},"end":{"line":18,"column":null}},"loc":{"start":{"line":20,"column":29},"end":{"line":20,"column":78}}},"2":{"name":"(anonymous_5)","decl":{"start":{"line":33,"column":4},"end":{"line":33,"column":23}},"loc":{"start":{"line":33,"column":60},"end":{"line":37,"column":5}}}},"branchMap":{},"s":{"0":1,"1":1,"2":1,"3":1,"4":1,"5":1,"6":1,"7":1,"8":1,"9":1,"10":1,"11":1,"12":1,"13":1,"14":1},"f":{"0":1,"1":1,"2":1},"b":{}}
,"/home/user/build/capstone-server/src/models/quiz/quiz.ts": {"path":"/home/user/build/capstone-server/src/models/quiz/quiz.ts","statementMap":{"0":{"start":{"line":1,"column":0},"end":{"line":1,"column":41}},"1":{"start":{"line":2,"column":0},"end":{"line":2,"column":70}},"2":{"start":{"line":11,"column":28},"end":{"line":16,"column":2}},"3":{"start":{"line":11,"column":51},"end":{"line":16,"column":2}},"4":{"start":{"line":18,"column":20},"end":{"line":20,"column":70}},"5":{"start":{"line":20,"column":25},"end":{"line":20,"column":70}},"6":{"start":{"line":23,"column":0},"end":{"line":38,"column":null}},"7":{"start":{"line":34,"column":8},"end":{"line":34,"column":16}},"8":{"start":{"line":35,"column":21},"end":{"line":35,"column":41}},"9":{"start":{"line":36,"column":8},"end":{"line":36,"column":34}},"10":{"start":{"line":27,"column":4},"end":{"line":27,"column":null}},"11":{"start":{"line":29,"column":4},"end":{"line":29,"column":null}},"12":{"start":{"line":31,"column":4},"end":{"line":31,"column":null}},"13":{"start":{"line":23,"column":21},"end":{"line":38,"column":null}},"14":{"start":{"line":23,"column":21},"end":{"line":23,"column":null}}},"fnMap":{"0":{"name":"(anonymous_3)","decl":{"start":{"line":11,"column":28},"end":{"line":11,"column":47}},"loc":{"start":{"line":11,"column":51},"end":{"line":16,"column":2}}},"1":{"name":"(anonymous_4)","decl":{"start":{"line":18,"column":20},"end":{"line":18,"column":null}},"loc":{"start":{"line":20,"column":25},"end":{"line":20,"column":70}}},"2":{"name":"(anonymous_5)","decl":{"start":{"line":33,"column":4},"end":{"line":33,"column":23}},"loc":{"start":{"line":33,"column":56},"end":{"line":37,"column":5}}}},"branchMap":{},"s":{"0":1,"1":1,"2":1,"3":1,"4":1,"5":1,"6":1,"7":1,"8":1,"9":1,"10":1,"11":1,"12":1,"13":1,"14":1},"f":{"0":1,"1":1,"2":1},"b":{}}
,"/home/user/build/capstone-server/src/models/quiz/result.ts": {"path":"/home/user/build/capstone-server/src/models/quiz/result.ts","statementMap":{"0":{"start":{"line":1,"column":0},"end":{"line":1,"column":41}},"1":{"start":{"line":2,"column":0},"end":{"line":2,"column":47}},"2":{"start":{"line":10,"column":30},"end":{"line":14,"column":2}},"3":{"start":{"line":10,"column":55},"end":{"line":14,"column":2}},"4":{"start":{"line":16,"column":22},"end":{"line":18,"column":74}},"5":{"start":{"line":18,"column":27},"end":{"line":18,"column":74}},"6":{"start":{"line":21,"column":0},"end":{"line":34,"column":null}},"7":{"start":{"line":30,"column":8},"end":{"line":30,"column":16}},"8":{"start":{"line":31,"column":21},"end":{"line":31,"column":43}},"9":{"start":{"line":32,"column":8},"end":{"line":32,"column":34}},"10":{"start":{"line":23,"column":4},"end":{"line":23,"column":null}},"11":{"start":{"line":25,"column":4},"end":{"line":25,"column":null}},"12":{"start":{"line":27,"column":4},"end":{"line":27,"column":null}},"13":{"start":{"line":21,"column":21},"end":{"line":34,"column":null}},"14":{"start":{"line":21,"column":21},"end":{"line":21,"column":28}}},"fnMap":{"0":{"name":"(anonymous_3)","decl":{"start":{"line":10,"column":30},"end":{"line":10,"column":51}},"loc":{"start":{"line":10,"column":55},"end":{"line":14,"column":2}}},"1":{"name":"(anonymous_4)","decl":{"start":{"line":16,"column":22},"end":{"line":16,"column":null}},"loc":{"start":{"line":18,"column":27},"end":{"line":18,"column":74}}},"2":{"name":"(anonymous_5)","decl":{"start":{"line":29,"column":4},"end":{"line":29,"column":23}},"loc":{"start":{"line":29,"column":58},"end":{"line":33,"column":5}}}},"branchMap":{},"s":{"0":1,"1":1,"2":1,"3":1,"4":1,"5":1,"6":1,"7":1,"8":1,"9":1,"10":1,"11":1,"12":1,"13":1,"14":1},"f":{"0":1,"1":1,"2":1},"b":{}}
,"/home/user/build/capstone-server/src/models/quiz/section.ts": {"path":"/home/user/build/capstone-server/src/models/quiz/section.ts","statementMap":{"0":{"start":{"line":1,"column":0},"end":{"line":1,"column":41}},"1":{"start":{"line":2,"column":0},"end":{"line":2,"column":70}},"2":{"start":{"line":10,"column":31},"end":{"line":14,"column":2}},"3":{"start":{"line":10,"column":57},"end":{"line":14,"column":2}},"4":{"start":{"line":16,"column":23},"end":{"line":18,"column":76}},"5":{"start":{"line":18,"column":28},"end":{"line":18,"column":76}},"6":{"start":{"line":21,"column":0},"end":{"line":34,"column":null}},"7":{"start":{"line":30,"column":8},"end":{"line":30,"column":16}},"8":{"start":{"line":31,"column":21},"end":{"line":31,"column":44}},"9":{"start":{"line":32,"column":8},"end":{"line":32,"column":34}},"10":{"start":{"line":25,"column":4},"end":{"line":25,"column":null}},"11":{"start":{"line":27,"column":4},"end":{"line":27,"column":null}},"12":{"start":{"line":21,"column":21},"end":{"line":34,"column":null}},"13":{"start":{"line":21,"column":21},"end":{"line":21,"column":null}}},"fnMap":{"0":{"name":"(anonymous_3)","decl":{"start":{"line":10,"column":31},"end":{"line":10,"column":53}},"loc":{"start":{"line":10,"column":57},"end":{"line":14,"column":2}}},"1":{"name":"(anonymous_4)","decl":{"start":{"line":16,"column":23},"end":{"line":16,"column":null}},"loc":{"start":{"line":18,"column":28},"end":{"line":18,"column":76}}},"2":{"name":"(anonymous_5)","decl":{"start":{"line":29,"column":4},"end":{"line":29,"column":23}},"loc":{"start":{"line":29,"column":59},"end":{"line":33,"column":5}}}},"branchMap":{},"s":{"0":1,"1":1,"2":1,"3":1,"4":1,"5":1,"6":1,"7":1,"8":1,"9":1,"10":1,"11":1,"12":1,"13":1},"f":{"0":1,"1":1,"2":1},"b":{}}
,"/home/user/build/capstone-server/src/models/user/user.ts": {"path":"/home/user/build/capstone-server/src/models/user/user.ts","statementMap":{"0":{"start":{"line":1,"column":0},"end":{"line":1,"column":33}},"1":{"start":{"line":2,"column":0},"end":{"line":2,"column":41}},"2":{"start":{"line":3,"column":0},"end":{"line":3,"column":47}},"3":{"start":{"line":23,"column":28},"end":{"line":39,"column":2}},"4":{"start":{"line":23,"column":35},"end":{"line":39,"column":2}},"5":{"start":{"line":41,"column":20},"end":{"line":43,"column":70}},"6":{"start":{"line":43,"column":25},"end":{"line":43,"column":70}},"7":{"start":{"line":46,"column":0},"end":{"line":87,"column":null}},"8":{"start":{"line":79,"column":8},"end":{"line":79,"column":16}},"9":{"start":{"line":84,"column":11},"end":{"line":86,"column":6}},"10":{"start":{"line":85,"column":8},"end":{"line":85,"column":29}},"11":{"start":{"line":80,"column":25},"end":{"line":80,"column":45}},"12":{"start":{"line":81,"column":8},"end":{"line":81,"column":38}},"13":{"start":{"line":48,"column":4},"end":{"line":48,"column":null}},"14":{"start":{"line":50,"column":4},"end":{"line":50,"column":null}},"15":{"start":{"line":52,"column":4},"end":{"line":52,"column":null}},"16":{"start":{"line":54,"column":4},"end":{"line":54,"column":null}},"17":{"start":{"line":56,"column":4},"end":{"line":56,"column":null}},"18":{"start":{"line":58,"column":4},"end":{"line":58,"column":null}},"19":{"start":{"line":60,"column":4},"end":{"line":60,"column":null}},"20":{"start":{"line":62,"column":4},"end":{"line":62,"column":null}},"21":{"start":{"line":64,"column":4},"end":{"line":64,"column":null}},"22":{"start":{"line":66,"column":4},"end":{"line":66,"column":null}},"23":{"start":{"line":68,"column":4},"end":{"line":68,"column":null}},"24":{"start":{"line":70,"column":4},"end":{"line":70,"column":null}},"25":{"start":{"line":72,"column":4},"end":{"line":72,"column":null}},"26":{"start":{"line":74,"column":4},"end":{"line":74,"column":null}},"27":{"start":{"line":76,"column":4},"end":{"line":76,"column":null}},"28":{"start":{"line":46,"column":21},"end":{"line":87,"column":null}},"29":{"start":{"line":46,"column":21},"end":{"line":46,"column":26}}},"fnMap":{"0":{"name":"(anonymous_3)","decl":{"start":{"line":23,"column":28},"end":{"line":23,"column":31}},"loc":{"start":{"line":23,"column":35},"end":{"line":39,"column":2}}},"1":{"name":"(anonymous_4)","decl":{"start":{"line":41,"column":20},"end":{"line":41,"column":null}},"loc":{"start":{"line":43,"column":25},"end":{"line":43,"column":70}}},"2":{"name":"(anonymous_5)","decl":{"start":{"line":78,"column":4},"end":{"line":78,"column":23}},"loc":{"start":{"line":78,"column":56},"end":{"line":82,"column":5}}},"3":{"name":"(anonymous_6)","decl":{"start":{"line":84,"column":25},"end":{"line":84,"column":34}},"loc":{"start":{"line":84,"column":36},"end":{"line":86,"column":5}}}},"branchMap":{},"s":{"0":1,"1":1,"2":1,"3":1,"4":1,"5":1,"6":1,"7":1,"8":1,"9":1,"10":0,"11":1,"12":1,"13":1,"14":1,"15":1,"16":1,"17":1,"18":1,"19":1,"20":1,"21":1,"22":1,"23":1,"24":1,"25":1,"26":1,"27":1,"28":1,"29":1},"f":{"0":1,"1":1,"2":1,"3":0},"b":{}}
,"/home/user/build/capstone-server/src/models/user/user_role.ts": {"path":"/home/user/build/capstone-server/src/models/user/user_role.ts","statementMap":{"0":{"start":{"line":1,"column":0},"end":{"line":1,"column":56}},"1":{"start":{"line":2,"column":0},"end":{"line":2,"column":49}},"2":{"start":{"line":10,"column":32},"end":{"line":14,"column":2}},"3":{"start":{"line":10,"column":59},"end":{"line":14,"column":2}},"4":{"start":{"line":16,"column":24},"end":{"line":18,"column":78}},"5":{"start":{"line":18,"column":29},"end":{"line":18,"column":78}},"6":{"start":{"line":21,"column":0},"end":{"line":34,"column":null}},"7":{"start":{"line":30,"column":8},"end":{"line":30,"column":16}},"8":{"start":{"line":31,"column":21},"end":{"line":31,"column":45}},"9":{"start":{"line":32,"column":8},"end":{"line":32,"column":34}},"10":{"start":{"line":23,"column":4},"end":{"line":23,"column":null}},"11":{"start":{"line":25,"column":4},"end":{"line":25,"column":null}},"12":{"start":{"line":27,"column":4},"end":{"line":27,"column":null}},"13":{"start":{"line":21,"column":21},"end":{"line":34,"column":null}},"14":{"start":{"line":21,"column":21},"end":{"line":21,"column":30}}},"fnMap":{"0":{"name":"(anonymous_3)","decl":{"start":{"line":10,"column":32},"end":{"line":10,"column":55}},"loc":{"start":{"line":10,"column":59},"end":{"line":14,"column":2}}},"1":{"name":"(anonymous_4)","decl":{"start":{"line":16,"column":24},"end":{"line":16,"column":null}},"loc":{"start":{"line":18,"column":29},"end":{"line":18,"column":78}}},"2":{"name":"(anonymous_5)","decl":{"start":{"line":29,"column":4},"end":{"line":29,"column":23}},"loc":{"start":{"line":29,"column":60},"end":{"line":33,"column":5}}}},"branchMap":{},"s":{"0":1,"1":1,"2":1,"3":1,"4":1,"5":1,"6":1,"7":1,"8":1,"9":1,"10":1,"11":1,"12":1,"13":1,"14":1},"f":{"0":1,"1":1,"2":1},"b":{}}
,"/home/user/build/capstone-server/src/util/logs/db_logger.ts": {"path":"/home/user/build/capstone-server/src/util/logs/db_logger.ts","statementMap":{"0":{"start":{"line":7,"column":0},"end":{"line":7,"column":26}},"1":{"start":{"line":12,"column":24},"end":{"line":12,"column":74}},"2":{"start":{"line":13,"column":8},"end":{"line":13,"column":26}},"3":{"start":{"line":21,"column":24},"end":{"line":21,"column":123}},"4":{"start":{"line":22,"column":8},"end":{"line":22,"column":28}},"5":{"start":{"line":30,"column":24},"end":{"line":30,"column":125}},"6":{"start":{"line":31,"column":8},"end":{"line":31,"column":30}},"7":{"start":{"line":34,"column":24},"end":{"line":34,"column":87}},"8":{"start":{"line":35,"column":8},"end":{"line":35,"column":26}},"9":{"start":{"line":38,"column":24},"end":{"line":38,"column":88}},"10":{"start":{"line":39,"column":8},"end":{"line":39,"column":26}},"11":{"start":{"line":47,"column":8},"end":{"line":47,"column":54}},"12":{"start":{"line":9,"column":0},"end":{"line":9,"column":21}}},"fnMap":{"0":{"name":"(anonymous_1)","decl":{"start":{"line":11,"column":4},"end":{"line":11,"column":12}},"loc":{"start":{"line":11,"column":67},"end":{"line":14,"column":5}}},"1":{"name":"(anonymous_2)","decl":{"start":{"line":15,"column":4},"end":{"line":15,"column":17}},"loc":{"start":{"line":19,"column":33},"end":{"line":23,"column":5}}},"2":{"name":"(anonymous_3)","decl":{"start":{"line":24,"column":4},"end":{"line":24,"column":16}},"loc":{"start":{"line":28,"column":33},"end":{"line":32,"column":5}}},"3":{"name":"(anonymous_4)","decl":{"start":{"line":33,"column":4},"end":{"line":33,"column":18}},"loc":{"start":{"line":33,"column":62},"end":{"line":36,"column":5}}},"4":{"name":"(anonymous_5)","decl":{"start":{"line":37,"column":4},"end":{"line":37,"column":16}},"loc":{"start":{"line":37,"column":60},"end":{"line":40,"column":5}}},"5":{"name":"(anonymous_6)","decl":{"start":{"line":41,"column":4},"end":{"line":41,"column":7}},"loc":{"start":{"line":45,"column":23},"end":{"line":48,"column":5}}}},"branchMap":{},"s":{"0":1,"1":4,"2":4,"3":0,"4":0,"5":0,"6":0,"7":0,"8":0,"9":0,"10":0,"11":0,"12":1},"f":{"0":4,"1":0,"2":0,"3":0,"4":0,"5":0},"b":{}}
,"/home/user/build/capstone-server/src/util/logs/logs.ts": {"path":"/home/user/build/capstone-server/src/util/logs/logs.ts","statementMap":{"0":{"start":{"line":2,"column":0},"end":{"line":2,"column":28}},"1":{"start":{"line":3,"column":0},"end":{"line":3,"column":16}},"2":{"start":{"line":5,"column":0},"end":{"line":5,"column":null}},"3":{"start":{"line":6,"column":4},"end":{"line":6,"column":null}},"4":{"start":{"line":7,"column":4},"end":{"line":7,"column":null}},"5":{"start":{"line":8,"column":4},"end":{"line":8,"column":null}},"6":{"start":{"line":9,"column":4},"end":{"line":9,"column":null}},"7":{"start":{"line":10,"column":4},"end":{"line":10,"column":null}},"8":{"start":{"line":11,"column":4},"end":{"line":11,"column":null}},"9":{"start":{"line":12,"column":4},"end":{"line":12,"column":null}},"10":{"start":{"line":13,"column":4},"end":{"line":13,"column":null}},"11":{"start":{"line":25,"column":21},"end":{"line":29,"column":2}},"12":{"start":{"line":25,"column":37},"end":{"line":29,"column":2}},"13":{"start":{"line":31,"column":22},"end":{"line":35,"column":1}},"14":{"start":{"line":34,"column":4},"end":{"line":34,"column":55}},"15":{"start":{"line":37,"column":21},"end":{"line":70,"column":2}},"16":{"start":{"line":72,"column":0},"end":{"line":72,"column":21}},"17":{"start":{"line":73,"column":11},"end":{"line":73,"column":75}},"18":{"start":{"line":75,"column":18},"end":{"line":79,"column":6}},"19":{"start":{"line":76,"column":8},"end":{"line":78,"column":null}},"20":{"start":{"line":77,"column":12},"end":{"line":77,"column":30}},"21":{"start":{"line":81,"column":19},"end":{"line":83,"column":6}},"22":{"start":{"line":82,"column":8},"end":{"line":82,"column":56}},"23":{"start":{"line":85,"column":19},"end":{"line":116,"column":6}},"24":{"start":{"line":90,"column":8},"end":{"line":115,"column":null}},"25":{"start":{"line":91,"column":12},"end":{"line":114,"column":null}},"26":{"start":{"line":92,"column":61},"end":{"line":93,"column":null}},"27":{"start":{"line":96,"column":16},"end":{"line":111,"column":null}},"28":{"start":{"line":97,"column":20},"end":{"line":103,"column":22}},"29":{"start":{"line":105,"column":20},"end":{"line":110,"column":22}},"30":{"start":{"line":113,"column":16},"end":{"line":113,"column":41}},"31":{"start":{"line":118,"column":11},"end":{"line":127,"column":6}},"32":{"start":{"line":122,"column":8},"end":{"line":126,"column":10}},"33":{"start":{"line":129,"column":11},"end":{"line":138,"column":6}},"34":{"start":{"line":133,"column":8},"end":{"line":137,"column":10}},"35":{"start":{"line":140,"column":11},"end":{"line":149,"column":6}},"36":{"start":{"line":144,"column":8},"end":{"line":148,"column":10}},"37":{"start":{"line":151,"column":11},"end":{"line":160,"column":6}},"38":{"start":{"line":155,"column":8},"end":{"line":159,"column":10}},"39":{"start":{"line":162,"column":11},"end":{"line":171,"column":6}},"40":{"start":{"line":166,"column":8},"end":{"line":170,"column":10}},"41":{"start":{"line":173,"column":11},"end":{"line":182,"column":6}},"42":{"start":{"line":177,"column":8},"end":{"line":181,"column":10}},"43":{"start":{"line":184,"column":11},"end":{"line":193,"column":6}},"44":{"start":{"line":188,"column":8},"end":{"line":192,"column":10}},"45":{"start":{"line":195,"column":11},"end":{"line":204,"column":6}},"46":{"start":{"line":199,"column":8},"end":{"line":203,"column":10}}},"fnMap":{"0":{"name":"(anonymous_1)","decl":{"start":{"line":5,"column":0},"end":{"line":5,"column":5}},"loc":{"start":{"line":5,"column":14},"end":{"line":14,"column":1}}},"1":{"name":"(anonymous_2)","decl":{"start":{"line":25,"column":21},"end":{"line":25,"column":33}},"loc":{"start":{"line":25,"column":37},"end":{"line":29,"column":2}}},"2":{"name":"(anonymous_3)","decl":{"start":{"line":28,"column":21},"end":{"line":28,"column":30}},"loc":{"start":{"line":28,"column":32},"end":{"line":28,"column":35}}},"3":{"name":"(anonymous_4)","decl":{"start":{"line":31,"column":22},"end":{"line":31,"column":null}},"loc":{"start":{"line":33,"column":17},"end":{"line":35,"column":1}}},"4":{"name":"(anonymous_5)","decl":{"start":{"line":75,"column":34},"end":{"line":75,"column":35}},"loc":{"start":{"line":75,"column":65},"end":{"line":79,"column":5}}},"5":{"name":"(anonymous_6)","decl":{"start":{"line":81,"column":32},"end":{"line":81,"column":33}},"loc":{"start":{"line":81,"column":65},"end":{"line":83,"column":5}}},"6":{"name":"(anonymous_7)","decl":{"start":{"line":85,"column":25},"end":{"line":85,"column":null}},"loc":{"start":{"line":89,"column":14},"end":{"line":116,"column":5}}},"7":{"name":"(anonymous_8)","decl":{"start":{"line":118,"column":18},"end":{"line":118,"column":null}},"loc":{"start":{"line":121,"column":14},"end":{"line":127,"column":5}}},"8":{"name":"(anonymous_9)","decl":{"start":{"line":129,"column":19},"end":{"line":129,"column":null}},"loc":{"start":{"line":132,"column":14},"end":{"line":138,"column":5}}},"9":{"name":"(anonymous_10)","decl":{"start":{"line":140,"column":19},"end":{"line":140,"column":null}},"loc":{"start":{"line":143,"column":14},"end":{"line":149,"column":5}}},"10":{"name":"(anonymous_11)","decl":{"start":{"line":151,"column":21},"end":{"line":151,"column":null}},"loc":{"start":{"line":154,"column":14},"end":{"line":160,"column":5}}},"11":{"name":"(anonymous_12)","decl":{"start":{"line":162,"column":19},"end":{"line":162,"column":null}},"loc":{"start":{"line":165,"column":14},"end":{"line":171,"column":5}}},"12":{"name":"(anonymous_13)","decl":{"start":{"line":173,"column":17},"end":{"line":173,"column":null}},"loc":{"start":{"line":176,"column":14},"end":{"line":182,"column":5}}},"13":{"name":"(anonymous_14)","decl":{"start":{"line":184,"column":17},"end":{"line":184,"column":null}},"loc":{"start":{"line":187,"column":14},"end":{"line":193,"column":5}}},"14":{"name":"(anonymous_15)","decl":{"start":{"line":195,"column":20},"end":{"line":195,"column":null}},"loc":{"start":{"line":198,"column":14},"end":{"line":204,"column":5}}}},"branchMap":{"0":{"loc":{"start":{"line":5,"column":5},"end":{"line":5,"column":14}},"type":"binary-expr","locations":[{"start":{"line":5,"column":5},"end":{"line":5,"column":14}},{"start":{"line":5,"column":5},"end":{"line":5,"column":null}}]},"1":{"loc":{"start":{"line":73,"column":33},"end":{"line":73,"column":62}},"type":"binary-expr","locations":[{"start":{"line":73,"column":33},"end":{"line":73,"column":62}},{"start":{"line":73,"column":66},"end":{"line":73,"column":74}}]},"2":{"loc":{"start":{"line":76,"column":8},"end":{"line":78,"column":null}},"type":"if","locations":[{"start":{"line":76,"column":8},"end":{"line":78,"column":null}},{"start":{"line":76,"column":8},"end":{"line":78,"column":null}}]},"3":{"loc":{"start":{"line":82,"column":15},"end":{"line":82,"column":37}},"type":"binary-expr","locations":[{"start":{"line":82,"column":15},"end":{"line":82,"column":37}},{"start":{"line":82,"column":41},"end":{"line":82,"column":55}}]},"4":{"loc":{"start":{"line":90,"column":8},"end":{"line":115,"column":null}},"type":"if","locations":[{"start":{"line":90,"column":8},"end":{"line":115,"column":null}},{"start":{"line":90,"column":8},"end":{"line":115,"column":null}}]},"5":{"loc":{"start":{"line":96,"column":16},"end":{"line":111,"column":null}},"type":"if","locations":[{"start":{"line":96,"column":16},"end":{"line":111,"column":null}},{"start":{"line":96,"column":16},"end":{"line":111,"column":null}}]},"6":{"loc":{"start":{"line":96,"column":20},"end":{"line":96,"column":45}},"type":"binary-expr","locations":[{"start":{"line":96,"column":20},"end":{"line":96,"column":45}},{"start":{"line":96,"column":49},"end":{"line":96,"column":66}}]},"7":{"loc":{"start":{"line":100,"column":30},"end":{"line":100,"column":53}},"type":"cond-expr","locations":[{"start":{"line":100,"column":30},"end":{"line":100,"column":53}},{"start":{"line":101,"column":30},"end":{"line":101,"column":37}}]},"8":{"loc":{"start":{"line":108,"column":30},"end":{"line":108,"column":53}},"type":"cond-expr","locations":[{"start":{"line":108,"column":30},"end":{"line":108,"column":53}},{"start":{"line":109,"column":30},"end":{"line":109,"column":37}}]},"9":{"loc":{"start":{"line":125,"column":40},"end":{"line":125,"column":54}},"type":"cond-expr","locations":[{"start":{"line":125,"column":40},"end":{"line":125,"column":54}},{"start":{"line":125,"column":57},"end":{"line":125,"column":66}}]},"10":{"loc":{"start":{"line":136,"column":40},"end":{"line":136,"column":54}},"type":"cond-expr","locations":[{"start":{"line":136,"column":40},"end":{"line":136,"column":54}},{"start":{"line":136,"column":57},"end":{"line":136,"column":66}}]},"11":{"loc":{"start":{"line":147,"column":40},"end":{"line":147,"column":54}},"type":"cond-expr","locations":[{"start":{"line":147,"column":40},"end":{"line":147,"column":54}},{"start":{"line":147,"column":57},"end":{"line":147,"column":66}}]},"12":{"loc":{"start":{"line":158,"column":40},"end":{"line":158,"column":54}},"type":"cond-expr","locations":[{"start":{"line":158,"column":40},"end":{"line":158,"column":54}},{"start":{"line":158,"column":57},"end":{"line":158,"column":66}}]},"13":{"loc":{"start":{"line":169,"column":40},"end":{"line":169,"column":54}},"type":"cond-expr","locations":[{"start":{"line":169,"column":40},"end":{"line":169,"column":54}},{"start":{"line":169,"column":57},"end":{"line":169,"column":66}}]},"14":{"loc":{"start":{"line":180,"column":40},"end":{"line":180,"column":54}},"type":"cond-expr","locations":[{"start":{"line":180,"column":40},"end":{"line":180,"column":54}},{"start":{"line":180,"column":57},"end":{"line":180,"column":66}}]},"15":{"loc":{"start":{"line":191,"column":40},"end":{"line":191,"column":54}},"type":"cond-expr","locations":[{"start":{"line":191,"column":40},"end":{"line":191,"column":54}},{"start":{"line":191,"column":57},"end":{"line":191,"column":66}}]},"16":{"loc":{"start":{"line":202,"column":40},"end":{"line":202,"column":54}},"type":"cond-expr","locations":[{"start":{"line":202,"column":40},"end":{"line":202,"column":54}},{"start":{"line":202,"column":57},"end":{"line":202,"column":66}}]}},"s":{"0":1,"1":1,"2":1,"3":1,"4":1,"5":1,"6":1,"7":1,"8":1,"9":1,"10":1,"11":1,"12":8,"13":1,"14":8,"15":1,"16":1,"17":1,"18":1,"19":0,"20":0,"21":1,"22":0,"23":1,"24":4,"25":0,"26":0,"27":0,"28":0,"29":0,"30":0,"31":1,"32":0,"33":1,"34":0,"35":1,"36":0,"37":1,"38":0,"39":1,"40":0,"41":1,"42":0,"43":1,"44":4,"45":1,"46":0},"f":{"0":1,"1":8,"2":0,"3":8,"4":0,"5":0,"6":4,"7":0,"8":0,"9":0,"10":0,"11":0,"12":0,"13":4,"14":0},"b":{"0":[1,1],"1":[1,0],"2":[0,0],"3":[0,0],"4":[0,4],"5":[0,0],"6":[0,0],"7":[0,0],"8":[0,0],"9":[0,0],"10":[0,0],"11":[0,0],"12":[0,0],"13":[0,0],"14":[0,0],"15":[0,4],"16":[0,0]}}
}
