TN:
SF:src/config/database.ts
FN:54,(anonymous_1)
FNF:1
FNH:0
FNDA:0,(anonymous_1)
DA:1,1
DA:2,1
DA:3,1
DA:4,1
DA:5,1
DA:6,1
DA:7,1
DA:8,1
DA:9,1
DA:10,1
DA:11,1
DA:12,1
DA:13,1
DA:14,1
DA:15,1
DA:16,1
DA:17,1
DA:18,1
DA:19,1
DA:20,1
DA:22,1
DA:54,1
DA:55,0
LF:23
LH:22
BRDA:23,0,0,1
BRDA:23,0,1,0
BRDA:24,1,0,1
BRDA:24,1,1,0
BRDA:25,2,0,1
BRDA:25,2,1,0
BRDA:26,3,0,1
BRDA:26,3,1,0
BRDA:29,4,0,1
BRDA:29,4,1,0
BRF:10
BRH:5
end_of_record
TN:
SF:src/models/business.ts
FN:13,(anonymous_3)
FN:22,(anonymous_4)
FN:43,(anonymous_5)
FNF:3
FNH:3
FNDA:2,(anonymous_3)
FNDA:2,(anonymous_4)
FNDA:2,(anonymous_5)
DA:1,1
DA:2,1
DA:13,2
DA:22,1
DA:25,2
DA:29,1
DA:31,1
DA:33,1
DA:35,1
DA:37,1
DA:39,1
DA:41,1
DA:44,2
DA:45,2
DA:46,2
LF:15
LH:15
BRF:0
BRH:0
end_of_record
TN:
SF:src/models/department.ts
FN:10,(anonymous_3)
FN:16,(anonymous_4)
FN:32,(anonymous_5)
FNF:3
FNH:3
FNDA:1,(anonymous_3)
FNDA:1,(anonymous_4)
FNDA:1,(anonymous_5)
DA:1,1
DA:2,1
DA:10,1
DA:16,1
DA:19,1
DA:22,1
DA:26,1
DA:28,1
DA:30,1
DA:33,1
DA:34,1
DA:35,1
LF:12
LH:12
BRF:0
BRH:0
end_of_record
TN:
SF:src/models/permission.ts
FN:12,(anonymous_3)
FN:20,(anonymous_4)
FN:38,(anonymous_5)
FNF:3
FNH:3
FNDA:1,(anonymous_3)
FNDA:1,(anonymous_4)
FNDA:1,(anonymous_5)
DA:1,1
DA:2,1
DA:12,1
DA:20,1
DA:23,1
DA:26,1
DA:30,1
DA:32,1
DA:34,1
DA:36,1
DA:39,1
DA:40,1
DA:41,1
LF:13
LH:13
BRF:0
BRH:0
end_of_record
TN:
SF:src/models/role.ts
FN:11,(anonymous_3)
FN:18,(anonymous_4)
FN:33,(anonymous_5)
FNF:3
FNH:3
FNDA:1,(anonymous_3)
FNDA:1,(anonymous_4)
FNDA:1,(anonymous_5)
DA:1,1
DA:2,1
DA:11,1
DA:18,1
DA:20,1
DA:23,1
DA:27,1
DA:29,1
DA:31,1
DA:34,1
DA:35,1
DA:36,1
LF:12
LH:12
BRF:0
BRH:0
end_of_record
TN:
SF:src/models/abstract/base_model.ts
FNF:0
FNH:0
DA:1,1
DA:2,1
DA:4,1
DA:6,1
LF:4
LH:4
BRF:0
BRH:0
end_of_record
TN:
SF:src/models/abstract/editable_content_model.ts
FNF:0
FNH:0
DA:1,1
DA:2,1
DA:4,1
DA:6,1
LF:4
LH:4
BRF:0
BRH:0
end_of_record
TN:
SF:src/models/abstract/event_dates.ts
FNF:0
FNH:0
DA:1,1
DA:3,1
DA:5,1
DA:7,1
DA:9,1
LF:5
LH:5
BRF:0
BRH:0
end_of_record
TN:
SF:src/models/manual/content.ts
FN:11,(anonymous_3)
FN:18,(anonymous_4)
FN:33,(anonymous_5)
FNF:3
FNH:3
FNDA:1,(anonymous_3)
FNDA:1,(anonymous_4)
FNDA:1,(anonymous_5)
DA:1,1
DA:2,1
DA:11,1
DA:18,1
DA:20,1
DA:23,1
DA:27,1
DA:29,1
DA:31,1
DA:34,1
DA:35,1
DA:36,1
LF:12
LH:12
BRF:0
BRH:0
end_of_record
TN:
SF:src/models/manual/manual.ts
FN:11,(anonymous_3)
FN:18,(anonymous_4)
FN:33,(anonymous_5)
FNF:3
FNH:3
FNDA:1,(anonymous_3)
FNDA:1,(anonymous_4)
FNDA:1,(anonymous_5)
DA:1,1
DA:2,1
DA:11,1
DA:18,1
DA:20,1
DA:23,1
DA:27,1
DA:29,1
DA:31,1
DA:34,1
DA:35,1
DA:36,1
LF:12
LH:12
BRF:0
BRH:0
end_of_record
TN:
SF:src/models/manual/manual_assignment.ts
FN:12,(anonymous_3)
FN:20,(anonymous_4)
FN:38,(anonymous_5)
FNF:3
FNH:3
FNDA:1,(anonymous_3)
FNDA:1,(anonymous_4)
FNDA:1,(anonymous_5)
DA:1,1
DA:2,1
DA:12,1
DA:20,1
DA:23,1
DA:26,1
DA:30,1
DA:32,1
DA:34,1
DA:36,1
DA:39,1
DA:40,1
DA:41,1
LF:13
LH:13
BRF:0
BRH:0
end_of_record
TN:
SF:src/models/manual/policy.ts
FN:10,(anonymous_3)
FN:16,(anonymous_4)
FN:29,(anonymous_5)
FNF:3
FNH:3
FNDA:1,(anonymous_3)
FNDA:1,(anonymous_4)
FNDA:1,(anonymous_5)
DA:1,1
DA:2,1
DA:10,1
DA:16,1
DA:18,1
DA:21,1
DA:25,1
DA:27,1
DA:30,1
DA:31,1
DA:32,1
LF:11
LH:11
BRF:0
BRH:0
end_of_record
TN:
SF:src/models/manual/read.ts
FN:9,(anonymous_3)
FN:14,(anonymous_4)
FN:25,(anonymous_5)
FNF:3
FNH:3
FNDA:1,(anonymous_3)
FNDA:1,(anonymous_4)
FNDA:1,(anonymous_5)
DA:1,1
DA:2,1
DA:9,1
DA:14,1
DA:16,1
DA:19,1
DA:21,1
DA:23,1
DA:26,1
DA:27,1
DA:28,1
LF:11
LH:11
BRF:0
BRH:0
end_of_record
TN:
SF:src/models/manual/section.ts
FN:10,(anonymous_3)
FN:16,(anonymous_4)
FN:29,(anonymous_5)
FNF:3
FNH:3
FNDA:1,(anonymous_3)
FNDA:1,(anonymous_4)
FNDA:1,(anonymous_5)
DA:1,1
DA:2,1
DA:10,1
DA:16,1
DA:18,1
DA:21,1
DA:25,1
DA:27,1
DA:30,1
DA:31,1
DA:32,1
LF:11
LH:11
BRF:0
BRH:0
end_of_record
TN:
SF:src/models/quiz/answer.ts
FN:11,(anonymous_3)
FN:18,(anonymous_4)
FN:33,(anonymous_5)
FNF:3
FNH:3
FNDA:1,(anonymous_3)
FNDA:1,(anonymous_4)
FNDA:1,(anonymous_5)
DA:1,1
DA:2,1
DA:11,1
DA:18,1
DA:20,1
DA:23,1
DA:27,1
DA:29,1
DA:31,1
DA:34,1
DA:35,1
DA:36,1
LF:12
LH:12
BRF:0
BRH:0
end_of_record
TN:
SF:src/models/quiz/attempt.ts
FN:9,(anonymous_3)
FN:14,(anonymous_4)
FN:25,(anonymous_5)
FNF:3
FNH:3
FNDA:1,(anonymous_3)
FNDA:1,(anonymous_4)
FNDA:1,(anonymous_5)
DA:1,1
DA:2,1
DA:9,1
DA:14,1
DA:16,1
DA:19,1
DA:21,1
DA:23,1
DA:26,1
DA:27,1
DA:28,1
LF:11
LH:11
BRF:0
BRH:0
end_of_record
TN:
SF:src/models/quiz/question.ts
FN:11,(anonymous_3)
FN:18,(anonymous_4)
FN:33,(anonymous_5)
FNF:3
FNH:3
FNDA:1,(anonymous_3)
FNDA:1,(anonymous_4)
FNDA:1,(anonymous_5)
DA:1,1
DA:2,1
DA:11,1
DA:18,1
DA:20,1
DA:23,1
DA:27,1
DA:29,1
DA:31,1
DA:34,1
DA:35,1
DA:36,1
LF:12
LH:12
BRF:0
BRH:0
end_of_record
TN:
SF:src/models/quiz/quiz.ts
FN:11,(anonymous_3)
FN:18,(anonymous_4)
FN:33,(anonymous_5)
FNF:3
FNH:3
FNDA:1,(anonymous_3)
FNDA:1,(anonymous_4)
FNDA:1,(anonymous_5)
DA:1,1
DA:2,1
DA:11,1
DA:18,1
DA:20,1
DA:23,1
DA:27,1
DA:29,1
DA:31,1
DA:34,1
DA:35,1
DA:36,1
LF:12
LH:12
BRF:0
BRH:0
end_of_record
TN:
SF:src/models/quiz/result.ts
FN:10,(anonymous_3)
FN:16,(anonymous_4)
FN:29,(anonymous_5)
FNF:3
FNH:3
FNDA:1,(anonymous_3)
FNDA:1,(anonymous_4)
FNDA:1,(anonymous_5)
DA:1,1
DA:2,1
DA:10,1
DA:16,1
DA:18,1
DA:21,1
DA:23,1
DA:25,1
DA:27,1
DA:30,1
DA:31,1
DA:32,1
LF:12
LH:12
BRF:0
BRH:0
end_of_record
TN:
SF:src/models/quiz/section.ts
FN:10,(anonymous_3)
FN:16,(anonymous_4)
FN:29,(anonymous_5)
FNF:3
FNH:3
FNDA:1,(anonymous_3)
FNDA:1,(anonymous_4)
FNDA:1,(anonymous_5)
DA:1,1
DA:2,1
DA:10,1
DA:16,1
DA:18,1
DA:21,1
DA:25,1
DA:27,1
DA:30,1
DA:31,1
DA:32,1
LF:11
LH:11
BRF:0
BRH:0
end_of_record
TN:
SF:src/models/user/user.ts
FN:23,(anonymous_3)
FN:41,(anonymous_4)
FN:78,(anonymous_5)
FN:84,(anonymous_6)
FNF:4
FNH:3
FNDA:1,(anonymous_3)
FNDA:1,(anonymous_4)
FNDA:1,(anonymous_5)
FNDA:0,(anonymous_6)
DA:1,1
DA:2,1
DA:3,1
DA:23,1
DA:41,1
DA:43,1
DA:46,1
DA:48,1
DA:50,1
DA:52,1
DA:54,1
DA:56,1
DA:58,1
DA:60,1
DA:62,1
DA:64,1
DA:66,1
DA:68,1
DA:70,1
DA:72,1
DA:74,1
DA:76,1
DA:79,1
DA:80,1
DA:81,1
DA:84,1
DA:85,0
LF:27
LH:26
BRF:0
BRH:0
end_of_record
TN:
SF:src/models/user/user_role.ts
FN:10,(anonymous_3)
FN:16,(anonymous_4)
FN:29,(anonymous_5)
FNF:3
FNH:3
FNDA:1,(anonymous_3)
FNDA:1,(anonymous_4)
FNDA:1,(anonymous_5)
DA:1,1
DA:2,1
DA:10,1
DA:16,1
DA:18,1
DA:21,1
DA:23,1
DA:25,1
DA:27,1
DA:30,1
DA:31,1
DA:32,1
LF:12
LH:12
BRF:0
BRH:0
end_of_record
TN:
SF:src/util/logs/db_logger.ts
FN:11,(anonymous_1)
FN:15,(anonymous_2)
FN:24,(anonymous_3)
FN:33,(anonymous_4)
FN:37,(anonymous_5)
FN:41,(anonymous_6)
FNF:6
FNH:1
FNDA:4,(anonymous_1)
FNDA:0,(anonymous_2)
FNDA:0,(anonymous_3)
FNDA:0,(anonymous_4)
FNDA:0,(anonymous_5)
FNDA:0,(anonymous_6)
DA:7,1
DA:9,1
DA:12,4
DA:13,4
DA:21,0
DA:22,0
DA:30,0
DA:31,0
DA:34,0
DA:35,0
DA:38,0
DA:39,0
DA:47,0
LF:13
LH:4
BRF:0
BRH:0
end_of_record
TN:
SF:src/util/logs/logs.ts
FN:5,(anonymous_1)
FN:25,(anonymous_2)
FN:28,(anonymous_3)
FN:31,(anonymous_4)
FN:75,(anonymous_5)
FN:81,(anonymous_6)
FN:85,(anonymous_7)
FN:118,(anonymous_8)
FN:129,(anonymous_9)
FN:140,(anonymous_10)
FN:151,(anonymous_11)
FN:162,(anonymous_12)
FN:173,(anonymous_13)
FN:184,(anonymous_14)
FN:195,(anonymous_15)
FNF:15
FNH:5
FNDA:1,(anonymous_1)
FNDA:8,(anonymous_2)
FNDA:0,(anonymous_3)
FNDA:8,(anonymous_4)
FNDA:0,(anonymous_5)
FNDA:0,(anonymous_6)
FNDA:4,(anonymous_7)
FNDA:0,(anonymous_8)
FNDA:0,(anonymous_9)
FNDA:0,(anonymous_10)
FNDA:0,(anonymous_11)
FNDA:0,(anonymous_12)
FNDA:0,(anonymous_13)
FNDA:4,(anonymous_14)
FNDA:0,(anonymous_15)
DA:2,1
DA:3,1
DA:5,1
DA:6,1
DA:7,1
DA:8,1
DA:9,1
DA:10,1
DA:11,1
DA:12,1
DA:13,1
DA:25,8
DA:31,1
DA:34,8
DA:37,1
DA:72,1
DA:73,1
DA:75,1
DA:76,0
DA:77,0
DA:81,1
DA:82,0
DA:85,1
DA:90,4
DA:91,0
DA:92,0
DA:96,0
DA:97,0
DA:105,0
DA:113,0
DA:118,1
DA:122,0
DA:129,1
DA:133,0
DA:140,1
DA:144,0
DA:151,1
DA:155,0
DA:162,1
DA:166,0
DA:173,1
DA:177,0
DA:184,1
DA:188,4
DA:195,1
DA:199,0
LF:46
LH:30
BRDA:5,0,0,1
BRDA:5,0,1,1
BRDA:73,1,0,1
BRDA:73,1,1,0
BRDA:76,2,0,0
BRDA:76,2,1,0
BRDA:82,3,0,0
BRDA:82,3,1,0
BRDA:90,4,0,0
BRDA:90,4,1,4
BRDA:96,5,0,0
BRDA:96,5,1,0
BRDA:96,6,0,0
BRDA:96,6,1,0
BRDA:100,7,0,0
BRDA:100,7,1,0
BRDA:108,8,0,0
BRDA:108,8,1,0
BRDA:125,9,0,0
BRDA:125,9,1,0
BRDA:136,10,0,0
BRDA:136,10,1,0
BRDA:147,11,0,0
BRDA:147,11,1,0
BRDA:158,12,0,0
BRDA:158,12,1,0
BRDA:169,13,0,0
BRDA:169,13,1,0
BRDA:180,14,0,0
BRDA:180,14,1,0
BRDA:191,15,0,0
BRDA:191,15,1,4
BRDA:202,16,0,0
BRDA:202,16,1,0
BRF:34
BRH:5
end_of_record
