TN:
SF:src/config/database.ts
FN:54,(anonymous_1)
FNF:1
FNH:0
FNDA:0,(anonymous_1)
DA:1,6
DA:2,6
DA:3,6
DA:4,6
DA:5,6
DA:6,6
DA:7,6
DA:8,6
DA:9,6
DA:10,6
DA:11,6
DA:12,6
DA:13,6
DA:14,6
DA:15,6
DA:16,6
DA:17,6
DA:18,6
DA:19,6
DA:20,6
DA:22,6
DA:54,6
DA:55,0
LF:23
LH:22
BRDA:23,0,0,6
BRDA:23,0,1,0
BRDA:24,1,0,6
BRDA:24,1,1,0
BRDA:25,2,0,6
BRDA:25,2,1,0
BRDA:26,3,0,6
BRDA:26,3,1,0
BRDA:29,4,0,6
BRDA:29,4,1,0
BRF:10
BRH:5
end_of_record
TN:
SF:src/models/business.ts
FN:13,(anonymous_3)
FN:22,(anonymous_4)
FN:43,(anonymous_5)
FNF:3
FNH:3
FNDA:54,(anonymous_3)
FNDA:54,(anonymous_4)
FNDA:54,(anonymous_5)
DA:1,6
DA:2,6
DA:13,54
DA:22,6
DA:25,54
DA:29,6
DA:31,6
DA:33,6
DA:35,6
DA:37,6
DA:39,6
DA:41,6
DA:44,54
DA:45,54
DA:46,54
LF:15
LH:15
BRF:0
BRH:0
end_of_record
TN:
SF:src/models/department.ts
FN:10,(anonymous_3)
FN:16,(anonymous_4)
FN:32,(anonymous_5)
FNF:3
FNH:3
FNDA:30,(anonymous_3)
FNDA:30,(anonymous_4)
FNDA:30,(anonymous_5)
DA:1,6
DA:2,6
DA:10,30
DA:16,6
DA:19,30
DA:22,6
DA:26,6
DA:28,6
DA:30,6
DA:33,30
DA:34,30
DA:35,30
LF:12
LH:12
BRF:0
BRH:0
end_of_record
TN:
SF:src/models/permission.ts
FN:12,(anonymous_3)
FN:20,(anonymous_4)
FN:38,(anonymous_5)
FNF:3
FNH:3
FNDA:30,(anonymous_3)
FNDA:30,(anonymous_4)
FNDA:30,(anonymous_5)
DA:1,6
DA:2,6
DA:12,30
DA:20,6
DA:23,30
DA:26,6
DA:30,6
DA:32,6
DA:34,6
DA:36,6
DA:39,30
DA:40,30
DA:41,30
LF:13
LH:13
BRF:0
BRH:0
end_of_record
TN:
SF:src/models/role.ts
FN:11,(anonymous_3)
FN:18,(anonymous_4)
FN:33,(anonymous_5)
FNF:3
FNH:3
FNDA:22,(anonymous_3)
FNDA:22,(anonymous_4)
FNDA:22,(anonymous_5)
DA:1,6
DA:2,6
DA:11,22
DA:18,6
DA:20,22
DA:23,6
DA:27,6
DA:29,6
DA:31,6
DA:34,22
DA:35,22
DA:36,22
LF:12
LH:12
BRF:0
BRH:0
end_of_record
TN:
SF:src/models/abstract/base_model.ts
FNF:0
FNH:0
DA:1,6
DA:2,6
DA:4,6
DA:6,6
LF:4
LH:4
BRF:0
BRH:0
end_of_record
TN:
SF:src/models/abstract/editable_content_model.ts
FNF:0
FNH:0
DA:1,6
DA:2,6
DA:4,6
DA:6,6
LF:4
LH:4
BRF:0
BRH:0
end_of_record
TN:
SF:src/models/abstract/event_dates.ts
FNF:0
FNH:0
DA:1,6
DA:3,6
DA:5,6
DA:7,6
DA:9,6
LF:5
LH:5
BRF:0
BRH:0
end_of_record
TN:
SF:src/models/manual/content.ts
FN:11,(anonymous_3)
FN:18,(anonymous_4)
FN:33,(anonymous_5)
FNF:3
FNH:3
FNDA:6,(anonymous_3)
FNDA:6,(anonymous_4)
FNDA:6,(anonymous_5)
DA:1,6
DA:2,6
DA:11,6
DA:18,6
DA:20,6
DA:23,6
DA:27,6
DA:29,6
DA:31,6
DA:34,6
DA:35,6
DA:36,6
LF:12
LH:12
BRF:0
BRH:0
end_of_record
TN:
SF:src/models/manual/manual.ts
FN:11,(anonymous_3)
FN:18,(anonymous_4)
FN:33,(anonymous_5)
FNF:3
FNH:3
FNDA:6,(anonymous_3)
FNDA:6,(anonymous_4)
FNDA:6,(anonymous_5)
DA:1,6
DA:2,6
DA:11,6
DA:18,6
DA:20,6
DA:23,6
DA:27,6
DA:29,6
DA:31,6
DA:34,6
DA:35,6
DA:36,6
LF:12
LH:12
BRF:0
BRH:0
end_of_record
TN:
SF:src/models/manual/manual_assignment.ts
FN:12,(anonymous_3)
FN:20,(anonymous_4)
FN:38,(anonymous_5)
FNF:3
FNH:3
FNDA:6,(anonymous_3)
FNDA:6,(anonymous_4)
FNDA:6,(anonymous_5)
DA:1,6
DA:2,6
DA:12,6
DA:20,6
DA:23,6
DA:26,6
DA:30,6
DA:32,6
DA:34,6
DA:36,6
DA:39,6
DA:40,6
DA:41,6
LF:13
LH:13
BRF:0
BRH:0
end_of_record
TN:
SF:src/models/manual/policy.ts
FN:10,(anonymous_3)
FN:16,(anonymous_4)
FN:29,(anonymous_5)
FNF:3
FNH:3
FNDA:6,(anonymous_3)
FNDA:6,(anonymous_4)
FNDA:6,(anonymous_5)
DA:1,6
DA:2,6
DA:10,6
DA:16,6
DA:18,6
DA:21,6
DA:25,6
DA:27,6
DA:30,6
DA:31,6
DA:32,6
LF:11
LH:11
BRF:0
BRH:0
end_of_record
TN:
SF:src/models/manual/read.ts
FN:9,(anonymous_3)
FN:14,(anonymous_4)
FN:25,(anonymous_5)
FNF:3
FNH:3
FNDA:6,(anonymous_3)
FNDA:6,(anonymous_4)
FNDA:6,(anonymous_5)
DA:1,6
DA:2,6
DA:9,6
DA:14,6
DA:16,6
DA:19,6
DA:21,6
DA:23,6
DA:26,6
DA:27,6
DA:28,6
LF:11
LH:11
BRF:0
BRH:0
end_of_record
TN:
SF:src/models/manual/section.ts
FN:10,(anonymous_3)
FN:16,(anonymous_4)
FN:29,(anonymous_5)
FNF:3
FNH:3
FNDA:6,(anonymous_3)
FNDA:6,(anonymous_4)
FNDA:6,(anonymous_5)
DA:1,6
DA:2,6
DA:10,6
DA:16,6
DA:18,6
DA:21,6
DA:25,6
DA:27,6
DA:30,6
DA:31,6
DA:32,6
LF:11
LH:11
BRF:0
BRH:0
end_of_record
TN:
SF:src/models/quiz/answer.ts
FN:11,(anonymous_3)
FN:18,(anonymous_4)
FN:33,(anonymous_5)
FNF:3
FNH:3
FNDA:6,(anonymous_3)
FNDA:6,(anonymous_4)
FNDA:6,(anonymous_5)
DA:1,6
DA:2,6
DA:11,6
DA:18,6
DA:20,6
DA:23,6
DA:27,6
DA:29,6
DA:31,6
DA:34,6
DA:35,6
DA:36,6
LF:12
LH:12
BRF:0
BRH:0
end_of_record
TN:
SF:src/models/quiz/attempt.ts
FN:9,(anonymous_3)
FN:14,(anonymous_4)
FN:25,(anonymous_5)
FNF:3
FNH:3
FNDA:6,(anonymous_3)
FNDA:6,(anonymous_4)
FNDA:6,(anonymous_5)
DA:1,6
DA:2,6
DA:9,6
DA:14,6
DA:16,6
DA:19,6
DA:21,6
DA:23,6
DA:26,6
DA:27,6
DA:28,6
LF:11
LH:11
BRF:0
BRH:0
end_of_record
TN:
SF:src/models/quiz/question.ts
FN:11,(anonymous_3)
FN:18,(anonymous_4)
FN:33,(anonymous_5)
FNF:3
FNH:3
FNDA:6,(anonymous_3)
FNDA:6,(anonymous_4)
FNDA:6,(anonymous_5)
DA:1,6
DA:2,6
DA:11,6
DA:18,6
DA:20,6
DA:23,6
DA:27,6
DA:29,6
DA:31,6
DA:34,6
DA:35,6
DA:36,6
LF:12
LH:12
BRF:0
BRH:0
end_of_record
TN:
SF:src/models/quiz/quiz.ts
FN:11,(anonymous_3)
FN:18,(anonymous_4)
FN:33,(anonymous_5)
FNF:3
FNH:3
FNDA:6,(anonymous_3)
FNDA:6,(anonymous_4)
FNDA:6,(anonymous_5)
DA:1,6
DA:2,6
DA:11,6
DA:18,6
DA:20,6
DA:23,6
DA:27,6
DA:29,6
DA:31,6
DA:34,6
DA:35,6
DA:36,6
LF:12
LH:12
BRF:0
BRH:0
end_of_record
TN:
SF:src/models/quiz/result.ts
FN:10,(anonymous_3)
FN:16,(anonymous_4)
FN:29,(anonymous_5)
FNF:3
FNH:3
FNDA:6,(anonymous_3)
FNDA:6,(anonymous_4)
FNDA:6,(anonymous_5)
DA:1,6
DA:2,6
DA:10,6
DA:16,6
DA:18,6
DA:21,6
DA:23,6
DA:25,6
DA:27,6
DA:30,6
DA:31,6
DA:32,6
LF:12
LH:12
BRF:0
BRH:0
end_of_record
TN:
SF:src/models/quiz/section.ts
FN:10,(anonymous_3)
FN:16,(anonymous_4)
FN:29,(anonymous_5)
FNF:3
FNH:3
FNDA:6,(anonymous_3)
FNDA:6,(anonymous_4)
FNDA:6,(anonymous_5)
DA:1,6
DA:2,6
DA:10,6
DA:16,6
DA:18,6
DA:21,6
DA:25,6
DA:27,6
DA:30,6
DA:31,6
DA:32,6
LF:11
LH:11
BRF:0
BRH:0
end_of_record
TN:
SF:src/models/user/user.ts
FN:24,(anonymous_3)
FN:42,(anonymous_4)
FN:79,(anonymous_5)
FN:85,(anonymous_6)
FN:89,(anonymous_7)
FN:99,(anonymous_8)
FN:100,(anonymous_9)
FN:101,(anonymous_10)
FNF:8
FNH:3
FNDA:46,(anonymous_3)
FNDA:46,(anonymous_4)
FNDA:46,(anonymous_5)
FNDA:0,(anonymous_6)
FNDA:0,(anonymous_7)
FNDA:0,(anonymous_8)
FNDA:0,(anonymous_9)
FNDA:0,(anonymous_10)
DA:1,6
DA:2,6
DA:3,6
DA:4,6
DA:24,46
DA:42,6
DA:44,46
DA:47,6
DA:49,6
DA:51,6
DA:53,6
DA:55,6
DA:57,6
DA:59,6
DA:61,6
DA:63,6
DA:65,6
DA:67,6
DA:69,6
DA:71,6
DA:73,6
DA:75,6
DA:77,6
DA:80,46
DA:81,46
DA:82,46
DA:85,46
DA:86,0
DA:89,46
DA:90,0
DA:94,0
DA:96,0
DA:99,46
DA:100,0
DA:101,0
DA:102,0
DA:103,0
DA:105,0
LF:38
LH:29
BRDA:90,0,0,0
BRDA:90,0,1,0
BRDA:91,1,0,0
BRDA:91,1,1,0
BRDA:102,2,0,0
BRDA:102,2,1,0
BRF:6
BRH:0
end_of_record
TN:
SF:src/models/user/user_role.ts
FN:10,(anonymous_3)
FN:16,(anonymous_4)
FN:29,(anonymous_5)
FNF:3
FNH:3
FNDA:13,(anonymous_3)
FNDA:13,(anonymous_4)
FNDA:13,(anonymous_5)
DA:1,6
DA:2,6
DA:10,13
DA:16,6
DA:18,13
DA:21,6
DA:23,6
DA:25,6
DA:27,6
DA:30,13
DA:31,13
DA:32,13
LF:12
LH:12
BRF:0
BRH:0
end_of_record
TN:
SF:src/util/logs/db_logger.ts
FN:11,(anonymous_1)
FN:15,(anonymous_2)
FN:24,(anonymous_3)
FN:33,(anonymous_4)
FN:37,(anonymous_5)
FN:41,(anonymous_6)
FNF:6
FNH:1
FNDA:632,(anonymous_1)
FNDA:0,(anonymous_2)
FNDA:0,(anonymous_3)
FNDA:0,(anonymous_4)
FNDA:0,(anonymous_5)
FNDA:0,(anonymous_6)
DA:7,6
DA:9,6
DA:12,632
DA:13,632
DA:21,0
DA:22,0
DA:30,0
DA:31,0
DA:34,0
DA:35,0
DA:38,0
DA:39,0
DA:47,0
LF:13
LH:4
BRF:0
BRH:0
end_of_record
TN:
SF:src/util/logs/logs.ts
FN:5,(anonymous_1)
FN:25,(anonymous_2)
FN:28,(anonymous_3)
FN:31,(anonymous_4)
FN:75,(anonymous_5)
FN:81,(anonymous_6)
FN:85,(anonymous_7)
FN:118,(anonymous_8)
FN:129,(anonymous_9)
FN:140,(anonymous_10)
FN:151,(anonymous_11)
FN:162,(anonymous_12)
FN:173,(anonymous_13)
FN:184,(anonymous_14)
FN:195,(anonymous_15)
FNF:15
FNH:5
FNDA:6,(anonymous_1)
FNDA:48,(anonymous_2)
FNDA:0,(anonymous_3)
FNDA:48,(anonymous_4)
FNDA:0,(anonymous_5)
FNDA:0,(anonymous_6)
FNDA:632,(anonymous_7)
FNDA:0,(anonymous_8)
FNDA:0,(anonymous_9)
FNDA:0,(anonymous_10)
FNDA:0,(anonymous_11)
FNDA:0,(anonymous_12)
FNDA:0,(anonymous_13)
FNDA:632,(anonymous_14)
FNDA:0,(anonymous_15)
DA:2,6
DA:3,6
DA:5,6
DA:6,6
DA:7,6
DA:8,6
DA:9,6
DA:10,6
DA:11,6
DA:12,6
DA:13,6
DA:25,48
DA:31,6
DA:34,48
DA:37,6
DA:72,6
DA:73,6
DA:75,6
DA:76,0
DA:77,0
DA:81,6
DA:82,0
DA:85,6
DA:90,632
DA:91,0
DA:92,0
DA:96,0
DA:97,0
DA:105,0
DA:113,0
DA:118,6
DA:122,0
DA:129,6
DA:133,0
DA:140,6
DA:144,0
DA:151,6
DA:155,0
DA:162,6
DA:166,0
DA:173,6
DA:177,0
DA:184,6
DA:188,632
DA:195,6
DA:199,0
LF:46
LH:30
BRDA:5,0,0,6
BRDA:5,0,1,6
BRDA:73,1,0,6
BRDA:73,1,1,0
BRDA:76,2,0,0
BRDA:76,2,1,0
BRDA:82,3,0,0
BRDA:82,3,1,0
BRDA:90,4,0,0
BRDA:90,4,1,632
BRDA:96,5,0,0
BRDA:96,5,1,0
BRDA:96,6,0,0
BRDA:96,6,1,0
BRDA:100,7,0,0
BRDA:100,7,1,0
BRDA:108,8,0,0
BRDA:108,8,1,0
BRDA:125,9,0,0
BRDA:125,9,1,0
BRDA:136,10,0,0
BRDA:136,10,1,0
BRDA:147,11,0,0
BRDA:147,11,1,0
BRDA:158,12,0,0
BRDA:158,12,1,0
BRDA:169,13,0,0
BRDA:169,13,1,0
BRDA:180,14,0,0
BRDA:180,14,1,0
BRDA:191,15,0,0
BRDA:191,15,1,632
BRDA:202,16,0,0
BRDA:202,16,1,0
BRF:34
BRH:5
end_of_record
TN:
SF:src/util/test/attributes.ts
FNF:0
FNH:0
DA:9,6
DA:18,6
DA:34,6
DA:40,6
DA:48,6
DA:55,6
LF:6
LH:6
BRF:0
BRH:0
end_of_record
TN:
SF:src/util/test/base_world.ts
FN:10,(anonymous_0)
FN:15,(anonymous_1)
FN:20,(anonymous_2)
FNF:3
FNH:3
FNDA:23,(anonymous_0)
FNDA:278,(anonymous_1)
FNDA:215,(anonymous_2)
DA:3,6
DA:7,6
DA:11,23
DA:12,23
DA:15,23
DA:16,278
DA:17,278
DA:20,23
DA:21,215
LF:9
LH:9
BRF:0
BRH:0
end_of_record
TN:
SF:src/util/test/db_connection.ts
FN:7,(anonymous_0)
FN:14,(anonymous_1)
FN:19,(anonymous_2)
FNF:3
FNH:3
FNDA:6,(anonymous_0)
FNDA:6,(anonymous_1)
FNDA:23,(anonymous_2)
DA:1,6
DA:2,6
DA:4,6
DA:7,6
DA:8,6
DA:14,6
DA:15,6
DA:16,6
DA:19,6
DA:21,23
DA:22,0
DA:26,23
DA:27,0
DA:30,23
LF:14
LH:12
BRDA:21,0,0,0
BRDA:21,0,1,23
BRDA:26,1,0,0
BRDA:26,1,1,23
BRF:4
BRH:2
end_of_record
TN:
SF:src/util/test/model_actions.ts
FN:6,(anonymous_1)
FN:19,(anonymous_2)
FN:35,(anonymous_3)
FNF:3
FNH:3
FNDA:74,(anonymous_1)
FNDA:74,(anonymous_2)
FNDA:17,(anonymous_3)
DA:3,6
DA:6,6
DA:11,74
DA:12,74
DA:14,74
DA:16,74
DA:19,6
DA:24,74
DA:25,74
DA:27,74
DA:28,74
DA:30,74
DA:32,74
DA:35,6
DA:39,17
DA:41,17
DA:42,128
DA:43,128
DA:45,128
DA:47,125
DA:49,16
DA:52,13
DA:53,13
DA:55,13
DA:56,13
DA:61,3
DA:65,1
DA:66,1
DA:71,2
DA:72,2
DA:76,0
DA:77,0
DA:78,0
DA:79,0
DA:80,0
DA:82,0
DA:84,0
DA:89,17
LF:38
LH:31
BRDA:45,0,0,125
BRDA:45,0,1,3
BRDA:47,1,0,16
BRDA:47,1,1,109
BRDA:49,2,0,13
BRDA:49,2,1,3
BRDA:55,3,0,13
BRDA:55,3,1,0
BRDA:61,4,0,1
BRDA:61,4,1,2
BRDA:62,5,0,3
BRDA:62,5,1,3
BRDA:65,6,0,1
BRDA:65,6,1,0
BRDA:71,7,0,2
BRDA:71,7,1,0
BRDA:71,8,0,2
BRDA:71,8,1,2
BRF:18
BRH:15
end_of_record
TN:
SF:src/util/test/model_compare.ts
FN:14,(anonymous_1)
FN:39,(anonymous_2)
FN:73,(anonymous_3)
FN:103,(anonymous_4)
FNF:4
FNH:4
FNDA:6,(anonymous_1)
FNDA:5,(anonymous_2)
FNDA:6,(anonymous_3)
FNDA:6,(anonymous_4)
DA:3,6
DA:4,6
DA:14,6
DA:19,6
DA:20,0
DA:23,6
DA:25,6
DA:26,5
DA:29,6
DA:36,6
DA:39,6
DA:46,5
DA:47,0
DA:50,5
DA:51,5
DA:53,5
DA:55,5
DA:60,5
DA:61,5
DA:63,5
DA:70,5
DA:73,6
DA:79,6
DA:80,0
DA:83,6
DA:85,6
DA:87,6
DA:89,6
DA:90,7
DA:93,6
DA:97,6
DA:98,6
DA:100,6
DA:103,6
DA:109,6
DA:110,0
DA:113,6
DA:115,6
DA:117,6
DA:118,6
DA:120,6
DA:121,7
DA:124,6
DA:128,6
LF:44
LH:40
BRDA:19,0,0,0
BRDA:19,0,1,6
BRDA:25,1,0,5
BRDA:25,1,1,1
BRDA:46,2,0,0
BRDA:46,2,1,5
BRDA:79,3,0,0
BRDA:79,3,1,6
BRDA:109,4,0,0
BRDA:109,4,1,6
BRF:10
BRH:6
end_of_record
